[debug] [2022-12-31T07:47:01.296Z] ----------------------------------------------------------------------
[debug] [2022-12-31T07:47:01.301Z] Command:       C:\Program Files\nodejs\node.exe C:\Users\Administrator\AppData\Roaming\npm\node_modules\firebase-tools\lib\bin\firebase.js init
[debug] [2022-12-31T07:47:01.302Z] CLI Version:   11.19.0
[debug] [2022-12-31T07:47:01.302Z] Platform:      win32
[debug] [2022-12-31T07:47:01.303Z] Node Version:  v18.12.1
[debug] [2022-12-31T07:47:01.304Z] Time:          Sat Dec 31 2022 14:47:01 GMT+0700 (Indochina Time)
[debug] [2022-12-31T07:47:01.304Z] ----------------------------------------------------------------------
[debug] 
[debug] [2022-12-31T07:47:01.434Z] > command requires scopes: ["email","openid","https://www.googleapis.com/auth/cloudplatformprojects.readonly","https://www.googleapis.com/auth/firebase","https://www.googleapis.com/auth/cloud-platform"]
[debug] [2022-12-31T07:47:01.435Z] > authorizing via signed-in user (songnxfx18813@funix.edu.vn)
[info] 
     ######## #### ########  ######## ########     ###     ######  ########
     ##        ##  ##     ## ##       ##     ##  ##   ##  ##       ##
     ######    ##  ########  ######   ########  #########  ######  ######
     ##        ##  ##    ##  ##       ##     ## ##     ##       ## ##
     ##       #### ##     ## ######## ########  ##     ##  ######  ########

You're about to initialize a Firebase project in this directory:

  C:\Users\Administrator\Desktop\assignment03

Before we get started, keep in mind:

  * You are initializing within an existing Firebase project directory

[info] 
=== Project Setup
[info] 
[info] First, let's associate this project directory with a Firebase project.
[info] You can create multiple project aliases by running firebase use --add, 
[info] but for now we'll just set up a default project.
[info] 
[debug] [2022-12-31T07:47:09.173Z] Using project from CLI flag: ecommerce-vtp
[debug] [2022-12-31T07:47:09.178Z] >>> [apiv2][query] GET https://firebase.googleapis.com/v1beta1/projects/ecommerce-vtp [none]
[debug] [2022-12-31T07:47:09.878Z] <<< [apiv2][status] GET https://firebase.googleapis.com/v1beta1/projects/ecommerce-vtp 403
[debug] [2022-12-31T07:47:09.879Z] <<< [apiv2][body] GET https://firebase.googleapis.com/v1beta1/projects/ecommerce-vtp {"error":{"code":403,"message":"The caller does not have permission","status":"PERMISSION_DENIED"}}
[debug] [2022-12-31T07:47:09.880Z] HTTP Error: 403, The caller does not have permission
[debug] [2022-12-31T07:47:09.884Z] FirebaseError: HTTP Error: 403, The caller does not have permission
    at responseToError (C:\Users\Administrator\AppData\Roaming\npm\node_modules\firebase-tools\lib\responseToError.js:49:12)
    at RetryOperation._fn (C:\Users\Administrator\AppData\Roaming\npm\node_modules\firebase-tools\lib\apiv2.js:288:77)
    at process.processTicksAndRejections (node:internal/process/task_queues:95:5)
[error] 
[error] Error: Failed to get Firebase project ecommerce-vtp. Please make sure the project exists and your account has permission to access it.
